<?xml version="1.0" encoding="UTF-8"?>
<!-- Generated by org.testng.reporters.JUnitXMLReporter -->
<testsuite ignored="0" hostname="DESKTOP-DVKSCCQ" failures="1" tests="3" name="Command line test" time="0.063" errors="0" timestamp="2020-04-15T14:51:17 EEST">
  <testcase classname="CalculatorTest" name="addTwoNumbers" time="0.0"/>
  <testcase classname="CalculatorTest" name="subtractTwoNumbers" time="0.0"/>
  <testcase classname="SeleniumTest" name="SimpleSeleniumTest" time="0.031">
    <failure type="java.lang.IllegalStateException" message="The driver executable does not exist: C:\Users\alex\Desktop\JenkinsTraining\chromedriver_win32\chromedriver.exe">
      <![CDATA[java.lang.IllegalStateException: The driver executable does not exist: C:\Users\alex\Desktop\JenkinsTraining\chromedriver_win32\chromedriver.exe
at com.google.common.base.Preconditions.checkState(Preconditions.java:585)
at org.openqa.selenium.remote.service.DriverService.checkExecutable(DriverService.java:146)
at org.openqa.selenium.remote.service.DriverService.findExecutable(DriverService.java:141)
at org.openqa.selenium.chrome.ChromeDriverService.access$000(ChromeDriverService.java:35)
at org.openqa.selenium.chrome.ChromeDriverService$Builder.findDefaultExecutable(ChromeDriverService.java:159)
at org.openqa.selenium.remote.service.DriverService$Builder.build(DriverService.java:355)
at org.openqa.selenium.chrome.ChromeDriverService.createDefaultService(ChromeDriverService.java:94)
at org.openqa.selenium.chrome.ChromeDriver.<init>(ChromeDriver.java:123)
at SeleniumTest.SimpleSeleniumTest(SeleniumTest.java:17)
at java.base/java.util.ArrayList.forEach(ArrayList.java:1510)
... Removed 37 stack frames]]>
    </failure>
  </testcase> <!-- SimpleSeleniumTest -->
</testsuite> <!-- Command line test -->
